TN:
SF:/Users/evgenivasin/Desktop/asdprac/big_tasks/First_task/src/First_task.c
FN:6,init_elem
FN:36,add_to_list
FNDA:17,init_elem
FNDA:20,add_to_list
FNF:2
FNH:2
BRDA:25,0,0,2
BRDA:25,0,1,15
BRDA:38,1,0,3
BRDA:38,1,1,17
BRDA:42,0,0,2
BRDA:42,0,1,15
BRDA:47,1,0,38
BRDA:47,1,1,8
BRDA:47,2,2,31
BRDA:47,2,3,7
BRDA:51,0,0,13
BRDA:51,0,1,2
BRDA:51,1,2,5
BRDA:51,1,3,8
BRDA:63,0,0,2
BRDA:63,0,1,13
BRF:16
BRH:16
DA:8,17
DA:15,17
DA:16,17
DA:24,17
DA:25,17
DA:26,2
DA:27,2
DA:28,2
DA:29,15
DA:30,15
DA:32,17
DA:33,17
DA:38,20
DA:40,3
DA:42,17
DA:43,2
DA:44,2
DA:47,46
DA:48,31
DA:51,15
DA:53,7
DA:54,15
DA:61,15
DA:62,15
DA:63,15
DA:65,2
DA:66,15
DA:67,20
LF:28
LH:28
end_of_record
TN:
SF:/Users/evgenivasin/Desktop/asdprac/big_tasks/First_task/src/First_task_test.c
LF:0
LH:0
end_of_record
